{
  "stats": {
    "suites": 1,
    "tests": 5,
    "passes": 5,
    "pending": 0,
    "failures": 0,
    "start": "2024-10-23T11:58:03.293Z",
    "end": "2024-10-23T11:58:08.019Z",
    "duration": 4726,
    "testsRegistered": 5,
    "passPercent": 100,
    "pendingPercent": 0,
    "other": 0,
    "hasOther": false,
    "skipped": 0,
    "hasSkipped": false
  },
  "results": [
    {
      "uuid": "3d615855-1c58-4bdf-bf0d-ce94014359a9",
      "title": "",
      "fullFile": "cypress/e2e/2-advanced-examples/querying.cy.js",
      "file": "cypress/e2e/2-advanced-examples/querying.cy.js",
      "beforeHooks": [],
      "afterHooks": [],
      "tests": [],
      "suites": [
        {
          "uuid": "102279cf-dbb9-4ae4-b02a-2dbc39ac52a6",
          "title": "Querying",
          "fullFile": "",
          "file": "",
          "beforeHooks": [],
          "afterHooks": [],
          "tests": [
            {
              "title": "cy.get() - query DOM elements",
              "fullTitle": "Querying cy.get() - query DOM elements",
              "timedOut": null,
              "duration": 901,
              "state": "passed",
              "speed": "fast",
              "pass": true,
              "fail": false,
              "pending": false,
              "context": null,
              "code": "// https://on.cypress.io/get\ncy.get('#query-btn').should('contain', 'Button');\ncy.get('.query-btn').should('contain', 'Button');\ncy.get('#querying .well>button:first').should('contain', 'Button');\n//              ↲\n// Use CSS selectors just like jQuery\ncy.get('[data-test-id=\"test-example\"]').should('have.class', 'example');\n// 'cy.get()' yields jQuery object, you can get its attribute\n// by invoking `.attr()` method\ncy.get('[data-test-id=\"test-example\"]').invoke('attr', 'data-test-id').should('equal', 'test-example');\n// or you can get element's CSS property\ncy.get('[data-test-id=\"test-example\"]').invoke('css', 'position').should('equal', 'static');\n// or use assertions directly during 'cy.get()'\n// https://on.cypress.io/assertions\ncy.get('[data-test-id=\"test-example\"]').should('have.attr', 'data-test-id', 'test-example').and('have.css', 'position', 'static');",
              "err": {},
              "uuid": "9df8d06a-bc98-4a8e-9b16-85d0a108c92f",
              "parentUUID": "102279cf-dbb9-4ae4-b02a-2dbc39ac52a6",
              "isHook": false,
              "skipped": false
            },
            {
              "title": "cy.contains() - query DOM elements with matching content",
              "fullTitle": "Querying cy.contains() - query DOM elements with matching content",
              "timedOut": null,
              "duration": 340,
              "state": "passed",
              "speed": "fast",
              "pass": true,
              "fail": false,
              "pending": false,
              "context": null,
              "code": "// https://on.cypress.io/contains\ncy.get('.query-list').contains('bananas').should('have.class', 'third');\n// we can pass a regexp to `.contains()`\ncy.get('.query-list').contains(/^b\\w+/).should('have.class', 'third');\ncy.get('.query-list').contains('apples').should('have.class', 'first');\n// passing a selector to contains will\n// yield the selector containing the text\ncy.get('#querying').contains('ul', 'oranges').should('have.class', 'query-list');\ncy.get('.query-button').contains('Save Form').should('have.class', 'btn');",
              "err": {},
              "uuid": "b3af3d09-582d-45f8-af20-29ca73c8d876",
              "parentUUID": "102279cf-dbb9-4ae4-b02a-2dbc39ac52a6",
              "isHook": false,
              "skipped": false
            },
            {
              "title": ".within() - query DOM elements within a specific element",
              "fullTitle": "Querying .within() - query DOM elements within a specific element",
              "timedOut": null,
              "duration": 315,
              "state": "passed",
              "speed": "fast",
              "pass": true,
              "fail": false,
              "pending": false,
              "context": null,
              "code": "// https://on.cypress.io/within\ncy.get('.query-form').within(() => {\n  cy.get('input:first').should('have.attr', 'placeholder', 'Email');\n  cy.get('input:last').should('have.attr', 'placeholder', 'Password');\n});",
              "err": {},
              "uuid": "1ede7f9f-7b18-4038-b6a9-ff36b24e0323",
              "parentUUID": "102279cf-dbb9-4ae4-b02a-2dbc39ac52a6",
              "isHook": false,
              "skipped": false
            },
            {
              "title": "cy.root() - query the root DOM element",
              "fullTitle": "Querying cy.root() - query the root DOM element",
              "timedOut": null,
              "duration": 332,
              "state": "passed",
              "speed": "fast",
              "pass": true,
              "fail": false,
              "pending": false,
              "context": null,
              "code": "// https://on.cypress.io/root\n// By default, root is the document\ncy.root().should('match', 'html');\ncy.get('.query-ul').within(() => {\n  // In this within, the root is now the ul DOM element\n  cy.root().should('have.class', 'query-ul');\n});",
              "err": {},
              "uuid": "0d31dc32-7c58-4b9a-bd3a-9578e71e4c45",
              "parentUUID": "102279cf-dbb9-4ae4-b02a-2dbc39ac52a6",
              "isHook": false,
              "skipped": false
            },
            {
              "title": "best practices - selecting elements",
              "fullTitle": "Querying best practices - selecting elements",
              "timedOut": null,
              "duration": 914,
              "state": "passed",
              "speed": "fast",
              "pass": true,
              "fail": false,
              "pending": false,
              "context": null,
              "code": "// https://on.cypress.io/best-practices#Selecting-Elements\ncy.get('[data-cy=best-practices-selecting-elements]').within(() => {\n  // Worst - too generic, no context\n  cy.get('button').click();\n  // Bad. Coupled to styling. Highly subject to change.\n  cy.get('.btn.btn-large').click();\n  // Average. Coupled to the `name` attribute which has HTML semantics.\n  cy.get('[name=submission]').click();\n  // Better. But still coupled to styling or JS event listeners.\n  cy.get('#main').click();\n  // Slightly better. Uses an ID but also ensures the element\n  // has an ARIA role attribute\n  cy.get('#main[role=button]').click();\n  // Much better. But still coupled to text content that may change.\n  cy.contains('Submit').click();\n  // Best. Insulated from all changes.\n  cy.get('[data-cy=submit]').click();\n});",
              "err": {},
              "uuid": "5e0f8b86-169c-4488-969a-9542b3b2a965",
              "parentUUID": "102279cf-dbb9-4ae4-b02a-2dbc39ac52a6",
              "isHook": false,
              "skipped": false
            }
          ],
          "suites": [],
          "passes": [
            "9df8d06a-bc98-4a8e-9b16-85d0a108c92f",
            "b3af3d09-582d-45f8-af20-29ca73c8d876",
            "1ede7f9f-7b18-4038-b6a9-ff36b24e0323",
            "0d31dc32-7c58-4b9a-bd3a-9578e71e4c45",
            "5e0f8b86-169c-4488-969a-9542b3b2a965"
          ],
          "failures": [],
          "pending": [],
          "skipped": [],
          "duration": 2802,
          "root": false,
          "rootEmpty": false,
          "_timeout": 2000
        }
      ],
      "passes": [],
      "failures": [],
      "pending": [],
      "skipped": [],
      "duration": 0,
      "root": true,
      "rootEmpty": true,
      "_timeout": 2000
    }
  ],
  "meta": {
    "mocha": {
      "version": "7.0.1"
    },
    "mochawesome": {
      "options": {
        "quiet": false,
        "reportFilename": "mochawesome",
        "saveHtml": false,
        "saveJson": true,
        "consoleReporter": "spec",
        "useInlineDiffs": false,
        "code": true
      },
      "version": "7.1.3"
    },
    "marge": {
      "options": {
        "reportDir": "cypress/reports/.jsons",
        "overwrite": false,
        "html": false,
        "json": true
      },
      "version": "6.2.0"
    }
  }
}